<?xml version="1.0" encoding="UTF-8"?>
<!-- Generated by org.testng.reporters.JUnitReportReporter -->
<testsuite hostname="LIN35008736" failures="0" tests="1" name="functionaltests.IMDB_account_creation" time="21.508" errors="0" timestamp="2021-06-30T16:39:01 IST" skipped="0">
  <testcase classname="functionaltests.IMDB_account_creation" name="accountCreation" time="21.508"/>
  <system-out/>
</testsuite> <!-- functionaltests.IMDB_account_creation -->
