<?xml version="1.0" encoding="UTF-8"?>
<!-- Generated by org.testng.reporters.JUnitReportReporter -->
<testsuite hostname="LIN35008736" failures="0" tests="1" name="functionaltests.MoviesList" time="24.648" errors="0" timestamp="2021-06-29T17:25:54 IST" skipped="0">
  <testcase classname="functionaltests.MoviesList" name="findMovie" time="24.648"/>
  <system-out/>
</testsuite> <!-- functionaltests.MoviesList -->
